Prueba N°1 de 104 bits 
N=14717955922914369289082129993263
Digitos de N:32
Prueba con bloques
Command terminated by signal 2
real 436.48
user 428.97
sys 6.68
P:52638391627 
Q:54808373759

Prueba con divisiones triviales
Command terminated by signal 2
real 1.96
user 1.77
sys 0.19
P:52638391627 
Q:54808373759

Prueba N°2 de 108 bits 
N=275326070916512437683145281651889
Digitos de N:33
Prueba con bloques
Command terminated by signal 2
real 0.30
user 0.06
sys 0.23
P:52638391627 
Q:54808373759

Prueba con divisiones triviales
Command terminated by signal 2
real 0.89
user 0.65
sys 0.23
P:52638391627 
Q:54808373759

Prueba N°3 de 112 bits 
N=3890443490285947978627368902362223
Digitos de N:34
Prueba con bloques
Command terminated by signal 2
real 0.16
user 0.02
sys 0.13
P:52638391627 
Q:54808373759

Prueba con divisiones triviales
Command terminated by signal 2
real 1.09
user 0.69
sys 0.38
P:52638391627 
Q:54808373759

