Prueba N°1 de 72 bits 
N=2885024642365232115893
Digitos de N:22
Prueba con bloques
real 12.04
user 8.12
sys 1.34
Bloques creados: 10
P:52638391627 
Q:54808373759

Prueba con divisiones triviales
real 27.62
user 21.25
sys 1.33
P:54808373759 
Q:52638391627

Prueba N°2 de 76 bits 
N=64985313416283750874271
Digitos de N:23
Prueba con bloques
real 24.66
user 14.69
sys 2.10
Bloques creados: 10
P:257810647163 
Q:252066057517

Prueba con divisiones triviales
real 63.41
user 59.30
sys 1.48
P:257810647163 
Q:252066057517

Prueba N°3 de 80 bits 
N=1037629337240609549795357
Digitos de N:25
Prueba con bloques
real 56.35
user 39.00
sys 3.04
Bloques creados: 10
P:1009603002269 
Q:1027759757953

Prueba con divisiones triviales
real 290.90
user 278.74
sys 2.61
P:1027759757953 
Q:1009603002269

Prueba N°4 de 84 bits 
N=15246195336514472017283969
Digitos de N:26
Prueba con bloques
real 45.42
user 28.86
sys 3.48
Bloques creados: 10
P:4114279168553 
Q:3705678373273

Prueba con divisiones triviales
real 101.55
user 89.87
sys 2.27
P:4114279168553 
Q:3705678373273

Prueba N°5 de 88 bits 
N=189259688656141894161176369
Digitos de N:27
Prueba con bloques
real 58.20
user 48.26
sys 2.75
Bloques creados: 10
P:13845184828807 
Q:13669711960967

Prueba con divisiones triviales
real 192.30
user 183.91
sys 2.82
P:13669711960967 
Q:13845184828807

Prueba N°6 de 92 bits 
N=3711206406576858345168225797
Digitos de N:28
Prueba con bloques
real 128.58
user 84.37
sys 7.36
Bloques creados: 10
P:62669233635271 
Q:59218953085907

Prueba con divisiones triviales
real 643.43
user 560.31
sys 8.36
P:62669233635271 
Q:59218953085907

Prueba N°7 de 96 bits 
N=60803008959099564094357841711
Digitos de N:29
Prueba con bloques
real 286.31
user 172.83
sys 14.44
Bloques creados: 10
P:245932543121911 
Q:247234498481801

Prueba con divisiones triviales
real 1798.25
user 1579.18
sys 14.47
P:245932543121911 
Q:247234498481801

